{"D:\\Github Projects\\kanban\\src\\components\\Card\\template.tsx": {"path":"D:\\Github Projects\\kanban\\src\\components\\Card\\template.tsx","statementMap":{"0":{"start":{"line":23,"column":42},"end":{"line":89,"column":1}},"1":{"start":{"line":24,"column":28},"end":{"line":24,"column":61}},"2":{"start":{"line":25,"column":36},"end":{"line":25,"column":66}},"3":{"start":{"line":27,"column":2},"end":{"line":29,"column":23}},"4":{"start":{"line":28,"column":4},"end":{"line":28,"column":62}},"5":{"start":{"line":31,"column":23},"end":{"line":33,"column":3}},"6":{"start":{"line":32,"column":4},"end":{"line":32,"column":33}},"7":{"start":{"line":35,"column":25},"end":{"line":37,"column":3}},"8":{"start":{"line":36,"column":4},"end":{"line":36,"column":31}},"9":{"start":{"line":39,"column":23},"end":{"line":45,"column":3}},"10":{"start":{"line":40,"column":25},"end":{"line":40,"column":50}},"11":{"start":{"line":41,"column":4},"end":{"line":44,"column":5}},"12":{"start":{"line":42,"column":6},"end":{"line":42,"column":63}},"13":{"start":{"line":43,"column":6},"end":{"line":43,"column":59}},"14":{"start":{"line":47,"column":23},"end":{"line":49,"column":3}},"15":{"start":{"line":48,"column":4},"end":{"line":48,"column":44}},"16":{"start":{"line":51,"column":28},"end":{"line":55,"column":3}},"17":{"start":{"line":52,"column":4},"end":{"line":52,"column":38}},"18":{"start":{"line":53,"column":4},"end":{"line":53,"column":62}},"19":{"start":{"line":54,"column":4},"end":{"line":54,"column":23}},"20":{"start":{"line":57,"column":27},"end":{"line":59,"column":3}},"21":{"start":{"line":58,"column":4},"end":{"line":58,"column":24}},"22":{"start":{"line":61,"column":24},"end":{"line":69,"column":3}},"23":{"start":{"line":62,"column":4},"end":{"line":68,"column":6}},"24":{"start":{"line":71,"column":18},"end":{"line":73,"column":16}},"25":{"start":{"line":75,"column":2},"end":{"line":87,"column":4}},"26":{"start":{"line":78,"column":26},"end":{"line":78,"column":56}}},"fnMap":{"0":{"name":"(anonymous_0)","decl":{"start":{"line":23,"column":42},"end":{"line":23,"column":43}},"loc":{"start":{"line":23,"column":53},"end":{"line":89,"column":1}},"line":23},"1":{"name":"(anonymous_1)","decl":{"start":{"line":27,"column":18},"end":{"line":27,"column":19}},"loc":{"start":{"line":27,"column":24},"end":{"line":29,"column":3}},"line":27},"2":{"name":"(anonymous_2)","decl":{"start":{"line":31,"column":23},"end":{"line":31,"column":24}},"loc":{"start":{"line":31,"column":29},"end":{"line":33,"column":3}},"line":31},"3":{"name":"(anonymous_3)","decl":{"start":{"line":35,"column":25},"end":{"line":35,"column":26}},"loc":{"start":{"line":35,"column":31},"end":{"line":37,"column":3}},"line":35},"4":{"name":"(anonymous_4)","decl":{"start":{"line":39,"column":23},"end":{"line":39,"column":24}},"loc":{"start":{"line":39,"column":67},"end":{"line":45,"column":3}},"line":39},"5":{"name":"(anonymous_5)","decl":{"start":{"line":47,"column":23},"end":{"line":47,"column":24}},"loc":{"start":{"line":47,"column":39},"end":{"line":49,"column":3}},"line":47},"6":{"name":"(anonymous_6)","decl":{"start":{"line":51,"column":28},"end":{"line":51,"column":29}},"loc":{"start":{"line":51,"column":53},"end":{"line":55,"column":3}},"line":51},"7":{"name":"(anonymous_7)","decl":{"start":{"line":57,"column":27},"end":{"line":57,"column":28}},"loc":{"start":{"line":57,"column":33},"end":{"line":59,"column":3}},"line":57},"8":{"name":"(anonymous_8)","decl":{"start":{"line":61,"column":24},"end":{"line":61,"column":25}},"loc":{"start":{"line":61,"column":30},"end":{"line":69,"column":3}},"line":61},"9":{"name":"(anonymous_9)","decl":{"start":{"line":78,"column":19},"end":{"line":78,"column":20}},"loc":{"start":{"line":78,"column":26},"end":{"line":78,"column":56}},"line":78}},"branchMap":{"0":{"loc":{"start":{"line":41,"column":4},"end":{"line":44,"column":5}},"type":"if","locations":[{"start":{"line":41,"column":4},"end":{"line":44,"column":5}},{"start":{"line":41,"column":4},"end":{"line":44,"column":5}}],"line":41},"1":{"loc":{"start":{"line":71,"column":18},"end":{"line":73,"column":16}},"type":"cond-expr","locations":[{"start":{"line":72,"column":6},"end":{"line":72,"column":21}},{"start":{"line":73,"column":6},"end":{"line":73,"column":16}}],"line":71},"2":{"loc":{"start":{"line":77,"column":51},"end":{"line":77,"column":79}},"type":"cond-expr","locations":[{"start":{"line":77,"column":63},"end":{"line":77,"column":74}},{"start":{"line":77,"column":77},"end":{"line":77,"column":79}}],"line":77}},"s":{"0":4,"1":1,"2":1,"3":1,"4":0,"5":1,"6":0,"7":1,"8":0,"9":1,"10":0,"11":0,"12":0,"13":0,"14":1,"15":0,"16":1,"17":0,"18":0,"19":0,"20":1,"21":0,"22":1,"23":0,"24":1,"25":1,"26":0},"f":{"0":1,"1":0,"2":0,"3":0,"4":0,"5":0,"6":0,"7":0,"8":0,"9":0},"b":{"0":[0,0],"1":[0,1],"2":[0,1]},"_coverageSchema":"43e27e138ebf9cfc5966b082cf9a028302ed4184","hash":"779f0a13252535d08c912c1fe5d6384f45431fcc"}
,"D:\\Github Projects\\kanban\\src\\components\\Column\\template.tsx": {"path":"D:\\Github Projects\\kanban\\src\\components\\Column\\template.tsx","statementMap":{"0":{"start":{"line":19,"column":61},"end":{"line":101,"column":1}},"1":{"start":{"line":20,"column":28},"end":{"line":20,"column":63}},"2":{"start":{"line":22,"column":2},"end":{"line":27,"column":23}},"3":{"start":{"line":23,"column":4},"end":{"line":26,"column":7}},"4":{"start":{"line":29,"column":20},"end":{"line":39,"column":3}},"5":{"start":{"line":30,"column":29},"end":{"line":33,"column":5}},"6":{"start":{"line":31,"column":48},"end":{"line":31,"column":55}},"7":{"start":{"line":34,"column":19},"end":{"line":34,"column":39}},"8":{"start":{"line":35,"column":21},"end":{"line":35,"column":59}},"9":{"start":{"line":36,"column":26},"end":{"line":36,"column":60}},"10":{"start":{"line":37,"column":4},"end":{"line":37,"column":83}},"11":{"start":{"line":38,"column":4},"end":{"line":38,"column":47}},"12":{"start":{"line":41,"column":23},"end":{"line":47,"column":3}},"13":{"start":{"line":42,"column":26},"end":{"line":44,"column":6}},"14":{"start":{"line":43,"column":6},"end":{"line":43,"column":40}},"15":{"start":{"line":45,"column":4},"end":{"line":45,"column":57}},"16":{"start":{"line":46,"column":4},"end":{"line":46,"column":63}},"17":{"start":{"line":49,"column":23},"end":{"line":54,"column":3}},"18":{"start":{"line":50,"column":21},"end":{"line":50,"column":25}},"19":{"start":{"line":51,"column":26},"end":{"line":51,"column":60}},"20":{"start":{"line":52,"column":4},"end":{"line":52,"column":57}},"21":{"start":{"line":53,"column":4},"end":{"line":53,"column":47}},"22":{"start":{"line":56,"column":27},"end":{"line":58,"column":3}},"23":{"start":{"line":57,"column":4},"end":{"line":57,"column":27}},"24":{"start":{"line":60,"column":23},"end":{"line":64,"column":3}},"25":{"start":{"line":61,"column":13},"end":{"line":61,"column":45}},"26":{"start":{"line":62,"column":25},"end":{"line":62,"column":69}},"27":{"start":{"line":63,"column":4},"end":{"line":63,"column":33}},"28":{"start":{"line":66,"column":19},"end":{"line":70,"column":3}},"29":{"start":{"line":67,"column":4},"end":{"line":69,"column":5}},"30":{"start":{"line":68,"column":6},"end":{"line":68,"column":61}},"31":{"start":{"line":72,"column":24},"end":{"line":72,"column":43}},"32":{"start":{"line":73,"column":19},"end":{"line":73,"column":55}},"33":{"start":{"line":74,"column":16},"end":{"line":83,"column":3}},"34":{"start":{"line":75,"column":4},"end":{"line":82,"column":6}},"35":{"start":{"line":85,"column":2},"end":{"line":100,"column":4}}},"fnMap":{"0":{"name":"(anonymous_0)","decl":{"start":{"line":19,"column":61},"end":{"line":19,"column":62}},"loc":{"start":{"line":19,"column":72},"end":{"line":101,"column":1}},"line":19},"1":{"name":"(anonymous_1)","decl":{"start":{"line":22,"column":18},"end":{"line":22,"column":19}},"loc":{"start":{"line":22,"column":24},"end":{"line":27,"column":3}},"line":22},"2":{"name":"(anonymous_2)","decl":{"start":{"line":29,"column":20},"end":{"line":29,"column":21}},"loc":{"start":{"line":29,"column":26},"end":{"line":39,"column":3}},"line":29},"3":{"name":"(anonymous_3)","decl":{"start":{"line":31,"column":33},"end":{"line":31,"column":34}},"loc":{"start":{"line":31,"column":48},"end":{"line":31,"column":55}},"line":31},"4":{"name":"(anonymous_4)","decl":{"start":{"line":41,"column":23},"end":{"line":41,"column":24}},"loc":{"start":{"line":41,"column":51},"end":{"line":47,"column":3}},"line":41},"5":{"name":"(anonymous_5)","decl":{"start":{"line":42,"column":53},"end":{"line":42,"column":54}},"loc":{"start":{"line":42,"column":68},"end":{"line":44,"column":5}},"line":42},"6":{"name":"(anonymous_6)","decl":{"start":{"line":49,"column":23},"end":{"line":49,"column":24}},"loc":{"start":{"line":49,"column":38},"end":{"line":54,"column":3}},"line":49},"7":{"name":"(anonymous_7)","decl":{"start":{"line":56,"column":27},"end":{"line":56,"column":28}},"loc":{"start":{"line":56,"column":43},"end":{"line":58,"column":3}},"line":56},"8":{"name":"(anonymous_8)","decl":{"start":{"line":60,"column":23},"end":{"line":60,"column":24}},"loc":{"start":{"line":60,"column":39},"end":{"line":64,"column":3}},"line":60},"9":{"name":"(anonymous_9)","decl":{"start":{"line":66,"column":19},"end":{"line":66,"column":20}},"loc":{"start":{"line":66,"column":63},"end":{"line":70,"column":3}},"line":66},"10":{"name":"(anonymous_10)","decl":{"start":{"line":74,"column":34},"end":{"line":74,"column":35}},"loc":{"start":{"line":75,"column":4},"end":{"line":82,"column":6}},"line":75}},"branchMap":{"0":{"loc":{"start":{"line":67,"column":4},"end":{"line":69,"column":5}},"type":"if","locations":[{"start":{"line":67,"column":4},"end":{"line":69,"column":5}},{"start":{"line":67,"column":4},"end":{"line":69,"column":5}}],"line":67},"1":{"loc":{"start":{"line":73,"column":19},"end":{"line":73,"column":55}},"type":"cond-expr","locations":[{"start":{"line":73,"column":36},"end":{"line":73,"column":50}},{"start":{"line":73,"column":53},"end":{"line":73,"column":55}}],"line":73}},"s":{"0":3,"1":2,"2":2,"3":0,"4":2,"5":0,"6":0,"7":0,"8":0,"9":0,"10":0,"11":0,"12":2,"13":0,"14":0,"15":0,"16":0,"17":2,"18":0,"19":0,"20":0,"21":0,"22":2,"23":0,"24":2,"25":0,"26":0,"27":0,"28":2,"29":0,"30":0,"31":2,"32":2,"33":2,"34":3,"35":2},"f":{"0":2,"1":0,"2":0,"3":0,"4":0,"5":0,"6":0,"7":0,"8":0,"9":0,"10":3},"b":{"0":[0,0],"1":[2,0]},"_coverageSchema":"43e27e138ebf9cfc5966b082cf9a028302ed4184","hash":"ca08dc3f59213e931b1e0a6e88d5e5cba2f6ed1f"}
,"D:\\Github Projects\\kanban\\src\\containers\\Board\\template.tsx": {"path":"D:\\Github Projects\\kanban\\src\\containers\\Board\\template.tsx","statementMap":{"0":{"start":{"line":25,"column":58},"end":{"line":58,"column":1}},"1":{"start":{"line":26,"column":23},"end":{"line":26,"column":57}},"2":{"start":{"line":28,"column":36},"end":{"line":28,"column":41}},"3":{"start":{"line":30,"column":2},"end":{"line":34,"column":19}},"4":{"start":{"line":31,"column":4},"end":{"line":33,"column":7}},"5":{"start":{"line":36,"column":2},"end":{"line":38,"column":18}},"6":{"start":{"line":37,"column":4},"end":{"line":37,"column":16}},"7":{"start":{"line":42,"column":4},"end":{"line":42,"column":61}},"8":{"start":{"line":43,"column":18},"end":{"line":55,"column":4}},"9":{"start":{"line":44,"column":4},"end":{"line":54,"column":6}},"10":{"start":{"line":57,"column":2},"end":{"line":57,"column":50}},"11":{"start":{"line":64,"column":4},"end":{"line":66,"column":41}},"12":{"start":{"line":65,"column":6},"end":{"line":65,"column":22}},"13":{"start":{"line":66,"column":11},"end":{"line":66,"column":41}},"14":{"start":{"line":67,"column":4},"end":{"line":67,"column":26}}},"fnMap":{"0":{"name":"(anonymous_0)","decl":{"start":{"line":25,"column":58},"end":{"line":25,"column":59}},"loc":{"start":{"line":25,"column":82},"end":{"line":58,"column":1}},"line":25},"1":{"name":"(anonymous_1)","decl":{"start":{"line":30,"column":18},"end":{"line":30,"column":19}},"loc":{"start":{"line":30,"column":24},"end":{"line":34,"column":3}},"line":30},"2":{"name":"(anonymous_2)","decl":{"start":{"line":36,"column":18},"end":{"line":36,"column":19}},"loc":{"start":{"line":36,"column":24},"end":{"line":38,"column":3}},"line":36},"3":{"name":"(anonymous_3)","decl":{"start":{"line":43,"column":35},"end":{"line":43,"column":36}},"loc":{"start":{"line":43,"column":70},"end":{"line":55,"column":3}},"line":43},"4":{"name":"(anonymous_4)","decl":{"start":{"line":62,"column":2},"end":{"line":62,"column":3}},"loc":{"start":{"line":62,"column":24},"end":{"line":68,"column":3}},"line":62}},"branchMap":{"0":{"loc":{"start":{"line":42,"column":4},"end":{"line":42,"column":61}},"type":"binary-expr","locations":[{"start":{"line":42,"column":5},"end":{"line":42,"column":21}},{"start":{"line":42,"column":25},"end":{"line":42,"column":54}},{"start":{"line":42,"column":59},"end":{"line":42,"column":61}}],"line":42},"1":{"loc":{"start":{"line":64,"column":4},"end":{"line":66,"column":41}},"type":"if","locations":[{"start":{"line":64,"column":4},"end":{"line":66,"column":41}},{"start":{"line":64,"column":4},"end":{"line":66,"column":41}}],"line":64}},"s":{"0":2,"1":1,"2":1,"3":1,"4":0,"5":1,"6":0,"7":1,"8":1,"9":0,"10":1,"11":0,"12":0,"13":0,"14":0},"f":{"0":1,"1":0,"2":0,"3":0,"4":0},"b":{"0":[1,1,0],"1":[0,0]},"_coverageSchema":"43e27e138ebf9cfc5966b082cf9a028302ed4184","hash":"6a1ee69b3aeb7d0728461a1f367a98392cef0002"}
}
