TN:
SF:D:\Github Projects\kanban\src\components\Card\template.tsx
FN:23,(anonymous_0)
FN:27,(anonymous_1)
FN:31,(anonymous_2)
FN:35,(anonymous_3)
FN:39,(anonymous_4)
FN:47,(anonymous_5)
FN:51,(anonymous_6)
FN:57,(anonymous_7)
FN:61,(anonymous_8)
FN:78,(anonymous_9)
FNF:10
FNH:1
FNDA:1,(anonymous_0)
FNDA:0,(anonymous_1)
FNDA:0,(anonymous_2)
FNDA:0,(anonymous_3)
FNDA:0,(anonymous_4)
FNDA:0,(anonymous_5)
FNDA:0,(anonymous_6)
FNDA:0,(anonymous_7)
FNDA:0,(anonymous_8)
FNDA:0,(anonymous_9)
DA:23,4
DA:24,1
DA:25,1
DA:27,1
DA:28,0
DA:31,1
DA:32,0
DA:35,1
DA:36,0
DA:39,1
DA:40,0
DA:41,0
DA:42,0
DA:43,0
DA:47,1
DA:48,0
DA:51,1
DA:52,0
DA:53,0
DA:54,0
DA:57,1
DA:58,0
DA:61,1
DA:62,0
DA:71,1
DA:75,1
DA:78,0
LF:27
LH:13
BRDA:41,0,0,0
BRDA:41,0,1,0
BRDA:71,1,0,0
BRDA:71,1,1,1
BRDA:77,2,0,0
BRDA:77,2,1,1
BRF:6
BRH:2
end_of_record
TN:
SF:D:\Github Projects\kanban\src\components\Column\template.tsx
FN:19,(anonymous_0)
FN:22,(anonymous_1)
FN:29,(anonymous_2)
FN:31,(anonymous_3)
FN:41,(anonymous_4)
FN:42,(anonymous_5)
FN:49,(anonymous_6)
FN:56,(anonymous_7)
FN:60,(anonymous_8)
FN:66,(anonymous_9)
FN:74,(anonymous_10)
FNF:11
FNH:2
FNDA:2,(anonymous_0)
FNDA:0,(anonymous_1)
FNDA:0,(anonymous_2)
FNDA:0,(anonymous_3)
FNDA:0,(anonymous_4)
FNDA:0,(anonymous_5)
FNDA:0,(anonymous_6)
FNDA:0,(anonymous_7)
FNDA:0,(anonymous_8)
FNDA:0,(anonymous_9)
FNDA:3,(anonymous_10)
DA:19,3
DA:20,2
DA:22,2
DA:23,0
DA:29,2
DA:30,0
DA:31,0
DA:34,0
DA:35,0
DA:36,0
DA:37,0
DA:38,0
DA:41,2
DA:42,0
DA:43,0
DA:45,0
DA:46,0
DA:49,2
DA:50,0
DA:51,0
DA:52,0
DA:53,0
DA:56,2
DA:57,0
DA:60,2
DA:61,0
DA:62,0
DA:63,0
DA:66,2
DA:67,0
DA:68,0
DA:72,2
DA:73,2
DA:74,2
DA:75,3
DA:85,2
LF:36
LH:14
BRDA:67,0,0,0
BRDA:67,0,1,0
BRDA:73,1,0,2
BRDA:73,1,1,0
BRF:4
BRH:1
end_of_record
TN:
SF:D:\Github Projects\kanban\src\containers\Board\template.tsx
FN:25,(anonymous_0)
FN:30,(anonymous_1)
FN:36,(anonymous_2)
FN:43,(anonymous_3)
FN:62,(anonymous_4)
FNF:5
FNH:1
FNDA:1,(anonymous_0)
FNDA:0,(anonymous_1)
FNDA:0,(anonymous_2)
FNDA:0,(anonymous_3)
FNDA:0,(anonymous_4)
DA:25,2
DA:26,1
DA:28,1
DA:30,1
DA:31,0
DA:36,1
DA:37,0
DA:42,1
DA:43,1
DA:44,0
DA:57,1
DA:64,0
DA:65,0
DA:66,0
DA:67,0
LF:15
LH:8
BRDA:42,0,0,1
BRDA:42,0,1,1
BRDA:42,0,2,0
BRDA:64,1,0,0
BRDA:64,1,1,0
BRF:5
BRH:2
end_of_record
